<?xml version="1.0" encoding="UTF-8"?>
<testsuite name="webTests.CompraAmazon" tests="1" skipped="0" failures="0" errors="0" timestamp="2021-09-27T01:43:57" hostname="NANINE" time="9.035">
  <properties/>
  <testcase name="consultarProdutoAmazon" classname="webTests.CompraAmazon" time="9.035"/>
  <system-out><![CDATA[dataHora: 2021-09-26 22-43
dataHora: 2021-09-26 22-43
dataHora: 2021-09-26 22-43
dataHora: 2021-09-26 22-43
]]></system-out>
  <system-err><![CDATA[Starting ChromeDriver 92.0.4515.107 (87a818b10553a07434ea9e2b6dccf3cbe7895134-refs/branch-heads/4515@{#1634}) on port 26962
Only local connections are allowed.
Please see https://chromedriver.chromium.org/security-considerations for suggestions on keeping ChromeDriver safe.
ChromeDriver was started successfully.
[1632707036.993][WARNING]: This version of ChromeDriver has not been tested with Chrome version 93.
set 26, 2021 10:43:57 PM org.openqa.selenium.remote.ProtocolHandshake createSession
INFORMAÇÕES: Detected dialect: W3C
]]></system-err>
</testsuite>
