<?xml version="1.0" encoding="UTF-8"?>
<testsuite name="webTests.CompraAmazon" tests="1" skipped="0" failures="0" errors="0" timestamp="2021-09-27T03:00:26" hostname="NANINE" time="13.717">
  <properties/>
  <testcase name="consultarProdutoAmazon" classname="webTests.CompraAmazon" time="13.717"/>
  <system-out><![CDATA[dataHora: 2021-09-27 00-00
dataHora: 2021-09-27 00-00
dataHora: 2021-09-27 00-00
dataHora: 2021-09-27 00-00
dataHora: 2021-09-27 00-00
]]></system-out>
  <system-err><![CDATA[Starting ChromeDriver 92.0.4515.107 (87a818b10553a07434ea9e2b6dccf3cbe7895134-refs/branch-heads/4515@{#1634}) on port 32199
Only local connections are allowed.
Please see https://chromedriver.chromium.org/security-considerations for suggestions on keeping ChromeDriver safe.
ChromeDriver was started successfully.
[1632711626.879][WARNING]: This version of ChromeDriver has not been tested with Chrome version 93.
set 27, 2021 12:00:26 AM org.openqa.selenium.remote.ProtocolHandshake createSession
INFORMAÇÕES: Detected dialect: W3C
]]></system-err>
</testsuite>
