<?xml version="1.0" encoding="UTF-8"?>
<testsuite name="unitTests.TestaCalc" tests="1" skipped="0" failures="0" errors="0" timestamp="2021-06-15T01:18:24" hostname="NANINE" time="0.01">
  <properties/>
  <testcase name="testarSomarDoisNumeros" classname="unitTests.TestaCalc" time="0.01"/>
  <system-out><![CDATA[O resultado Esperado = 12
 O resultado Atual foi 12
]]></system-out>
  <system-err><![CDATA[]]></system-err>
</testsuite>
