<?xml version="1.0" encoding="UTF-8"?>
<testsuite name="apiTests.Pet" tests="1" skipped="0" failures="0" errors="0" timestamp="2021-06-21T23:35:02" hostname="NANINE" time="1.975">
  <properties/>
  <testcase name="incluirPet" classname="apiTests.Pet" time="1.975"/>
  <system-out><![CDATA[Request method:	POST
Request URI:	https://petstore.swagger.io/v2/pet
Proxy:			<none>
Request params:	<none>
Query params:	<none>
Form params:	<none>
Path params:	<none>
Headers:		Accept=*/*
				Content-Type=application/json; charset=UTF-8
Cookies:		<none>
Multiparts:		<none>
Body:
{
    "id": 1010,
    "category": {
        "id": 1,
        "name": "dog"
    },
    "name": "Pateta",
    "photoUrls": [
        "string"
    ],
    "tags": [
        {
            "id": 0,
            "name": "string"
        }
    ],
    "status": "available"
}
HTTP/1.1 200 OK
Date: Mon, 21 Jun 2021 23:35:03 GMT
Content-Type: application/json
Transfer-Encoding: chunked
Connection: keep-alive
Access-Control-Allow-Origin: *
Access-Control-Allow-Methods: GET, POST, DELETE, PUT
Access-Control-Allow-Headers: Content-Type, api_key, Authorization
Server: Jetty(9.2.9.v20150224)

{
    "id": 1010,
    "category": {
        "id": 1,
        "name": "dog"
    },
    "name": "Pateta",
    "photoUrls": [
        "string"
    ],
    "tags": [
        {
            "id": 0,
            "name": "string"
        }
    ],
    "status": "available"
}
]]></system-out>
  <system-err><![CDATA[]]></system-err>
</testsuite>
