<?xml version="1.0" encoding="UTF-8"?>
<testsuite name="apiTests.Pet" tests="3" skipped="0" failures="0" errors="0" timestamp="2021-06-24T00:35:54" hostname="NANINE" time="4.135">
  <properties/>
  <testcase name="alterarPet" classname="apiTests.Pet" time="2.392"/>
  <testcase name="consultarPet" classname="apiTests.Pet" time="0.837"/>
  <testcase name="incluirPet" classname="apiTests.Pet" time="0.904"/>
  <system-out><![CDATA[Request method:	PUT
Request URI:	https://petstore.swagger.io/v2/pet
Proxy:			<none>
Request params:	<none>
Query params:	<none>
Form params:	<none>
Path params:	<none>
Headers:		Accept=*/*
				Content-Type=application/json; charset=UTF-8
Cookies:		<none>
Multiparts:		<none>
Body:
{
    "id": 1110,
    "category": {
        "id": 1,
        "name": "dog"
    },
    "name": "Pateta",
    "photoUrls": [
        "string"
    ],
    "tags": [
        {
            "id": 3,
            "name": "Animal vermifugado na primeira semana!"
        },
        {
            "id": 4,
            "name": "Teste"
        }
    ],
    "status": "sold"
}
HTTP/1.1 200 OK
Date: Thu, 24 Jun 2021 00:35:56 GMT
Content-Type: application/json
Transfer-Encoding: chunked
Connection: keep-alive
Access-Control-Allow-Origin: *
Access-Control-Allow-Methods: GET, POST, DELETE, PUT
Access-Control-Allow-Headers: Content-Type, api_key, Authorization
Server: Jetty(9.2.9.v20150224)

{
    "id": 1110,
    "category": {
        "id": 1,
        "name": "dog"
    },
    "name": "Pateta",
    "photoUrls": [
        "string"
    ],
    "tags": [
        {
            "id": 3,
            "name": "Animal vermifugado na primeira semana!"
        },
        {
            "id": 4,
            "name": "Teste"
        }
    ],
    "status": "sold"
}
Request method:	GET
Request URI:	https://petstore.swagger.io/v2/pet/1110
Proxy:			<none>
Request params:	<none>
Query params:	<none>
Form params:	<none>
Path params:	<none>
Headers:		Accept=*/*
				Content-Type=application/json; charset=UTF-8
Cookies:		<none>
Multiparts:		<none>
Body:			<none>
HTTP/1.1 200 OK
Date: Thu, 24 Jun 2021 00:35:57 GMT
Content-Type: application/json
Transfer-Encoding: chunked
Connection: keep-alive
Access-Control-Allow-Origin: *
Access-Control-Allow-Methods: GET, POST, DELETE, PUT
Access-Control-Allow-Headers: Content-Type, api_key, Authorization
Server: Jetty(9.2.9.v20150224)

{
    "id": 1110,
    "category": {
        "id": 1,
        "name": "dog"
    },
    "name": "Pateta",
    "photoUrls": [
        "string"
    ],
    "tags": [
        {
            "id": 3,
            "name": "Animal vermifugado na primeira semana!"
        },
        {
            "id": 4,
            "name": "Teste"
        }
    ],
    "status": "sold"
}
Request method:	POST
Request URI:	https://petstore.swagger.io/v2/pet
Proxy:			<none>
Request params:	<none>
Query params:	<none>
Form params:	<none>
Path params:	<none>
Headers:		Accept=*/*
				Content-Type=application/json; charset=UTF-8
Cookies:		<none>
Multiparts:		<none>
Body:
{
    "id": 1110,
    "category": {
        "id": 1,
        "name": "dog"
    },
    "name": "Pateta",
    "photoUrls": [
        "string"
    ],
    "tags": [
        {
            "id": 3,
            "name": "Animal vermifugado na primeira semana!"
        },
        {
            "id": 4,
            "name": "Teste"
        }
    ],
    "status": "sold"
}
HTTP/1.1 200 OK
Date: Thu, 24 Jun 2021 00:35:58 GMT
Content-Type: application/json
Transfer-Encoding: chunked
Connection: keep-alive
Access-Control-Allow-Origin: *
Access-Control-Allow-Methods: GET, POST, DELETE, PUT
Access-Control-Allow-Headers: Content-Type, api_key, Authorization
Server: Jetty(9.2.9.v20150224)

{
    "id": 1110,
    "category": {
        "id": 1,
        "name": "dog"
    },
    "name": "Pateta",
    "photoUrls": [
        "string"
    ],
    "tags": [
        {
            "id": 3,
            "name": "Animal vermifugado na primeira semana!"
        },
        {
            "id": 4,
            "name": "Teste"
        }
    ],
    "status": "sold"
}
]]></system-out>
  <system-err><![CDATA[]]></system-err>
</testsuite>
