<?xml version="1.0" encoding="UTF-8"?>
<testsuite name="stepsPO.Runner" tests="1" skipped="0" failures="0" errors="0" timestamp="2021-08-05T01:46:23" hostname="NANINE" time="11.151">
  <properties/>
  <testcase name="feature[0](Comprar Curso PO)" classname="stepsPO.Runner" time="11.151"/>
  <system-out><![CDATA[#language: pt
Funcionalidade: Comprar Curso PO
Passo 0
Passo 0-Classe
Passo 1
Passo 2
Passo 3
Passo 4
Passo 5
Passo 6
Passo Z
Passo Z-Classe

  Cenario: Pesquisar Curso com Clique e Incluir no Carrinho PO              # comprarCursoPO.feature:3
    Dado que acesso o site da Iterasys  PO                                  # comprarCursoPO.queAcessoOSiteDaIterasysPO()
    Quando pesquiso por "Mantis" PO                                         # comprarCursoPO.pesquisoPorPO(String)
    E clico na Lupa PO                                                      # comprarCursoPO.clicoNaLupaPO()
    Entao vejo a lista de resultados para o curso "Mantis" PO               # comprarCursoPO.vejoAListaDeResultadosParaOCursoPO(String)
    Quando clico em Matricule-se PO                                         # comprarCursoPO.clicoEmMatriculeSePO()
    Entao confirmo o nome do curso como "Mantis" e o preco de "R$ 49,99" PO # comprarCursoPO.confirmoONomeDoCursoComoEOPrecoDePO(String,String)
]]></system-out>
  <system-err><![CDATA[Starting ChromeDriver 91.0.4472.101 (af52a90bf87030dd1523486a1cd3ae25c5d76c9b-refs/branch-heads/4472@{#1462}) on port 38467
Only local connections are allowed.
Please see https://chromedriver.chromium.org/security-considerations for suggestions on keeping ChromeDriver safe.
ChromeDriver was started successfully.
[1628127985.521][WARNING]: This version of ChromeDriver has not been tested with Chrome version 92.
ago 04, 2021 10:46:25 PM org.openqa.selenium.remote.ProtocolHandshake createSession
INFORMAÇÕES: Detected dialect: W3C
]]></system-err>
</testsuite>
