<?xml version="1.0" encoding="UTF-8"?>
<testsuite name="stepsPO.Runner" tests="1" skipped="0" failures="0" errors="0" timestamp="2021-08-03T00:20:32" hostname="NANINE" time="0.076">
  <properties/>
  <testcase name="feature[0](Comprar Curso PO)" classname="stepsPO.Runner" time="0.076"/>
  <system-out><![CDATA[#language: pt
Funcionalidade: Comprar Curso PO
Passo 0
Passo 1
Passo 2
Passo 3
Passo 4
Passo 5
Passo 6
Passo Z

  Cenario: Pesquisar Curso com Clique e Incluir no Carrinho PO              # comprarCursoPO.feature:3
    Dado que acesso o site da Iterasys  PO                                  # comprarCursoPO.queAcessoOSiteDaIterasysPO()
    Quando pesquiso por "Mantis" PO                                         # comprarCursoPO.pesquisoPorPO(String)
    E clico na Lupa PO                                                      # comprarCursoPO.clicoNaLupaPO()
    Entao vejo a lista de resultados para o curso "Mantis" PO               # comprarCursoPO.vejoAListaDeResultadosParaOCursoPO(String)
    Quando clico em Matricule-se PO                                         # comprarCursoPO.clicoEmMatriculeSePO()
    Entao confirmo o nome do curso como "Mantis" e o preco de "R$ 49,99" PO # comprarCursoPO.confirmoONomeDoCursoComoEOPrecoDePO(String,String)
]]></system-out>
  <system-err><![CDATA[]]></system-err>
</testsuite>
