<?xml version="1.0" encoding="UTF-8"?>
<testsuite name="apiTests.User" tests="1" skipped="0" failures="0" errors="0" timestamp="2021-06-29T01:22:21" hostname="NANINE" time="2.413">
  <properties/>
  <testcase name="login" classname="apiTests.User" time="2.413"/>
  <system-out><![CDATA[Request method:	GET
Request URI:	https://petstore.swagger.io/v2/user/login?username=darthvader&password=123456
Proxy:			<none>
Request params:	<none>
Query params:	<none>
Form params:	<none>
Path params:	<none>
Headers:		Accept=*/*
				Content-Type=application/json; charset=UTF-8
Cookies:		<none>
Multiparts:		<none>
Body:			<none>
HTTP/1.1 200 OK
Date: Tue, 29 Jun 2021 01:22:22 GMT
Content-Type: application/json
Transfer-Encoding: chunked
Connection: keep-alive
Access-Control-Allow-Origin: *
Access-Control-Allow-Methods: GET, POST, DELETE, PUT
Access-Control-Allow-Headers: Content-Type, api_key, Authorization
X-Expires-After: Tue Jun 29 02:22:22 UTC 2021
X-Rate-Limit: 5000
Server: Jetty(9.2.9.v20150224)

{
    "code": 200,
    "type": "unknown",
    "message": "logged in user session:1624929742547"
}
A mesangem Ã© :logged in user session:1624929742547
O token Ã© :1624929742547
]]></system-out>
  <system-err><![CDATA[]]></system-err>
</testsuite>
