<?xml version="1.0" encoding="UTF-8"?>
<testsuite name="apiTests.User" tests="1" skipped="0" failures="0" errors="0" timestamp="2021-06-29T00:04:43" hostname="NANINE" time="2.442">
  <properties/>
  <testcase name="incluirUsuario" classname="apiTests.User" time="2.442"/>
  <system-out><![CDATA[Request method:	POST
Request URI:	https://petstore.swagger.io/v2/user
Proxy:			<none>
Request params:	<none>
Query params:	<none>
Form params:	<none>
Path params:	<none>
Headers:		Accept=*/*
				Content-Type=application/json; charset=UTF-8
Cookies:		<none>
Multiparts:		<none>
Body:
{
    "id": 2110,
    "firtName": "darth",
    "username": "darthvader",
    "lastName": "vader",
    "email": "darthvader@test.com",
    "password": "123456",
    "phone": "55998895090",
    "userStatus": 0
}
HTTP/1.1 200 OK
Date: Tue, 29 Jun 2021 00:04:44 GMT
Content-Type: application/json
Transfer-Encoding: chunked
Connection: keep-alive
Access-Control-Allow-Origin: *
Access-Control-Allow-Methods: GET, POST, DELETE, PUT
Access-Control-Allow-Headers: Content-Type, api_key, Authorization
Server: Jetty(9.2.9.v20150224)

{
    "code": 200,
    "type": "unknown",
    "message": "2110"
}
]]></system-out>
  <system-err><![CDATA[]]></system-err>
</testsuite>
