<?xml version="1.0" encoding="UTF-8"?>
<testsuite name="unitTests.TestaCalc" tests="4" skipped="0" failures="0" errors="0" timestamp="2021-06-16T23:21:52" hostname="NANINE" time="0.013">
  <properties/>
  <testcase name="testarSubDoisNumeros" classname="unitTests.TestaCalc" time="0.01"/>
  <testcase name="testarSomarDoisNumeros" classname="unitTests.TestaCalc" time="0.0"/>
  <testcase name="testardivDoisNumeros" classname="unitTests.TestaCalc" time="0.0"/>
  <testcase name="testarmultipDoisNumeros" classname="unitTests.TestaCalc" time="0.0"/>
  <system-out><![CDATA[O resultado Esperado = 10
 O resultado Atual foi 10
O resultado Esperado = 12
 O resultado Atual foi 12
O resultado Esperado = 6
 O resultado Atual foi 6
O resultado Esperado = 24
 O resultado Atual foi 24
]]></system-out>
  <system-err><![CDATA[]]></system-err>
</testsuite>
